{
    "sexual_content": 0.01,
    "violence": 0.01,
    "weapons": 0.01,
    "drugs": 0.01,
    "hate_symbols": 0.01,
    "sensitive_doc": 0.01,
    "is_flagged": false,
    "action": "allow"
}
{
    "sexual_content": 0.01,
    "violence": 0.01,
    "weapons": 0.01,
    "drugs": 0.01,
    "hate_symbols": 0.01,
    "sensitive_doc": 0.01,
    "is_flagged": false,
    "action": "allow"
}
{
    "sexual_content": 0.01,
    "violence": 0.01,
    "weapons": 0.01,
    "drugs": 0.01,
    "hate_symbols": 0.01,
    "sensitive_doc": 0.01,
    "is_flagged": false,
    "action": "allow"
}
{
    "sexual_content": 0.01,
    "violence": 0.01,
    "weapons": 0.01,
    "drugs": 0.01,
    "hate_symbols": 0.01,
    "sensitive_doc": 0.01,
    "is_flagged": false,
    "action": "allow"
}
{
    "sexual_content": 0.01,
    "violence": 0.01,
    "weapons": 0.01,
    "drugs": 0.01,
    "hate_symbols": 0.01,
    "sensitive_doc": 0.01,
    "is_flagged": false,
    "action": "allow"
}
{
    "sexual_content": 0.01,
    "violence": 0.01,
    "weapons": 0.01,
    "drugs": 0.01,
    "hate_symbols": 0.01,
    "sensitive_doc": 0.01,
    "is_flagged": false,
    "action": "allow"
}
{
    "sexual_content": 0.01,
    "violence": 0.01,
    "weapons": 0.01,
    "drugs": 0.01,
    "hate_symbols": 0.01,
    "sensitive_doc": 0.01,
    "is_flagged": false,
    "action": "allow"
}
{
    "sexual_content": 0.01,
    "violence": 0.01,
    "weapons": 0.01,
    "drugs": 0.01,
    "hate_symbols": 0.01,
    "sensitive_doc": 0.01,
    "is_flagged": false,
    "action": "allow"
}
{
    "sexual_content": 0.01,
    "violence": 0.01,
    "weapons": 0.01,
    "drugs": 0.01,
    "hate_symbols": 0.01,
    "sensitive_doc": 0.01,
    "is_flagged": false,
    "action": "allow"
}
{
    "sexual_content": 0.01,
    "violence": 0.01,
    "weapons": 0.01,
    "drugs": 0.01,
    "hate_symbols": 0.01,
    "sensitive_doc": 0.01,
    "is_flagged": false,
    "action": "allow"
}
{
    "sexual_content": 0.01,
    "violence": 0.01,
    "weapons": 0.01,
    "drugs": 0.01,
    "hate_symbols": 0.01,
    "sensitive_doc": 0.01,
    "is_flagged": false,
    "action": "allow"
}
{
    "sexual_content": 0.01,
    "violence": 0.01,
    "weapons": 0.01,
    "drugs": 0.01,
    "hate_symbols": 0.01,
    "sensitive_doc": 0.01,
    "is_flagged": false,
    "action": "allow"
}
{
    "sexual_content": 0.01,
    "violence": 0.01,
    "weapons": 0.01,
    "drugs": 0.01,
    "hate_symbols": 0.01,
    "sensitive_doc": 0.01,
    "is_flagged": false,
    "action": "allow"
}
{
    "sexual_content": 0.01,
    "violence": 0.01,
    "weapons": 0.01,
    "drugs": 0.01,
    "hate_symbols": 0.01,
    "sensitive_doc": 0.01,
    "is_flagged": false,
    "action": "allow"
}
{
    "sexual_content": 0.01,
    "violence": 0.01,
    "weapons": 0.01,
    "drugs": 0.01,
    "hate_symbols": 0.01,
    "sensitive_doc": 0.01,
    "is_flagged": false,
    "action": "allow"
}
{
    "sexual_content": 0.01,
    "violence": 0.01,
    "weapons": 0.01,
    "drugs": 0.01,
    "hate_symbols": 0.01,
    "sensitive_doc": 0.01,
    "is_flagged": false,
    "action": "allow"
}
{
    "sexual_content": 0.01,
    "violence": 0.01,
    "weapons": 0.01,
    "drugs": 0.01,
    "hate_symbols": 0.01,
    "sensitive_doc": 0.01,
    "is_flagged": false,
    "action": "allow"
}
{
    "sexual_content": 0.01,
    "violence": 0.01,
    "weapons": 0.01,
    "drugs": 0.01,
    "hate_symbols": 0.01,
    "sensitive_doc": 0.01,
    "is_flagged": false,
    "action": "allow"
}
{
    "sexual_content": 0.01,
    "violence": 0.01,
    "weapons": 0.01,
    "drugs": 0.01,
    "hate_symbols": 0.01,
    "sensitive_doc": 0.01,
    "is_flagged": false,
    "action": "allow"
}
{
    "sexual_content": 0.01,
    "violence": 0.01,
    "weapons": 0.01,
    "drugs": 0.01,
    "hate_symbols": 0.01,
    "sensitive_doc": 0.01,
    "is_flagged": false,
    "action": "allow"
}
{
    "sexual_content": 0.01,
    "violence": 0.01,
    "weapons": 0.01,
    "drugs": 0.01,
    "hate_symbols": 0.01,
    "sensitive_doc": 0.01,
    "is_flagged": false,
    "action": "allow"
}
{
    "sexual_content": 0.01,
    "violence": 0.01,
    "weapons": 0.01,
    "drugs": 0.01,
    "hate_symbols": 0.01,
    "sensitive_doc": 0.01,
    "is_flagged": false,
    "action": "allow"
}
{
    "sexual_content": 0.01,
    "violence": 0.01,
    "weapons": 0.01,
    "drugs": 0.01,
    "hate_symbols": 0.01,
    "sensitive_doc": 0.01,
    "is_flagged": false,
    "action": "allow"
}
{
    "sexual_content": 0.01,
    "violence": 0.01,
    "weapons": 0.01,
    "drugs": 0.01,
    "hate_symbols": 0.01,
    "sensitive_doc": 0.01,
    "is_flagged": false,
    "action": "allow"
}
{
    "sexual_content": 0.01,
    "violence": 0.01,
    "weapons": 0.01,
    "drugs": 0.01,
    "hate_symbols": 0.01,
    "sensitive_doc": 0.01,
    "is_flagged": false,
    "action": "allow"
}
{
    "sexual_content": 0.01,
    "violence": 0.01,
    "weapons": 0.01,
    "drugs": 0.01,
    "hate_symbols": 0.01,
    "sensitive_doc": 0.01,
    "is_flagged": false,
    "action": "allow"
}
{
    "sexual_content": 0.01,
    "violence": 0.01,
    "weapons": 0.01,
    "drugs": 0.01,
    "hate_symbols": 0.01,
    "sensitive_doc": 0.01,
    "is_flagged": false,
    "action": "allow"
}
