{"file":"gambar_amirul.JPG","scores":{"sexual_content":0.67,"violence":0.4,"weapons":0.52,"drugs":0.9,"hate_symbols":0.42,"sensitive_doc":0.95},"decision":{"category":"weapons","severity":"medium","action":"blur","is_flagged":true},"timestamp":"2025-12-22T09:17:59+01:00"}
{"file":"gambar_amirul.JPG","scores":{"sexual_content":0.29,"violence":0.6,"weapons":0.63,"drugs":0.92,"hate_symbols":0.84,"sensitive_doc":0.22},"decision":{"category":"violence","severity":"medium","action":"blur","is_flagged":true},"timestamp":"2025-12-22T09:22:06+01:00"}
{"file":"gambar_amirul.JPG","scores":{"sexual_content":0.42,"violence":0.07,"weapons":0.49,"drugs":0.49,"hate_symbols":0.41,"sensitive_doc":0.89},"decision":{"category":"sensitive_doc","severity":"high","action":"block","is_flagged":true},"timestamp":"2025-12-22T09:22:57+01:00"}
{"file":"image.jpg","scores":{"sexual_content":0.69,"violence":0.27,"weapons":0.44,"drugs":0.61,"hate_symbols":0.33,"sensitive_doc":0.43},"decision":{"category":"sensitive_doc","severity":"high","action":"block","is_flagged":true},"timestamp":"2025-12-29T03:53:42+01:00"}
{"file":"image.jpg","scores":{"sexual_content":0.71,"violence":0.49,"weapons":0.8,"drugs":0.78,"hate_symbols":0.88,"sensitive_doc":0.02},"decision":{"category":"weapons","severity":"medium","action":"blur","is_flagged":true},"timestamp":"2025-12-29T03:54:12+01:00"}
{"file":"image.jpg","scores":{"sexual_content":0.11,"violence":0.04,"weapons":1,"drugs":0.32,"hate_symbols":0.35,"sensitive_doc":0.99},"decision":{"category":"sensitive_doc","severity":"high","action":"block","is_flagged":true},"timestamp":"2025-12-29T03:55:33+01:00"}
{"file":"image.jpg","scores":{"sexual_content":0.78,"violence":0.84,"weapons":0.12,"drugs":0.47,"hate_symbols":1,"sensitive_doc":0.44},"decision":{"category":"sensitive_doc","severity":"high","action":"block","is_flagged":true},"timestamp":"2025-12-29T04:07:51+01:00"}
{"file":"image.jpg","scores":{"sexual_content":1,"violence":0.71,"weapons":0.8,"drugs":0.41,"hate_symbols":0.71,"sensitive_doc":0.37},"decision":{"category":"sensitive_doc","severity":"high","action":"block","is_flagged":true},"timestamp":"2025-12-29T04:42:20+01:00"}
{"file":"image.jpg","scores":{"sexual_content":0.42,"violence":0.05,"weapons":0.55,"drugs":0.68,"hate_symbols":0.36,"sensitive_doc":0.53},"decision":{"category":"sensitive_doc","severity":"high","action":"block","is_flagged":true},"timestamp":"2025-12-29T05:31:19+01:00"}
{"file":"image.jpg","scores":{"sexual_content":0.63,"violence":0.62,"weapons":0.06,"drugs":0.54,"hate_symbols":0.23,"sensitive_doc":0.56},"decision":{"category":"sensitive_doc","severity":"high","action":"block","is_flagged":true},"timestamp":"2025-12-29T08:39:17+01:00"}
{"file":"image.jpg","scores":{"sexual_content":0.35,"violence":0.71,"weapons":0.17,"drugs":0.62,"hate_symbols":0.72,"sensitive_doc":0.5},"decision":{"category":"sensitive_doc","severity":"high","action":"block","is_flagged":true},"timestamp":"2025-12-29T08:41:59+01:00"}
{"file":"video.mp4","scores":{"sexual_content":0.2,"violence":0.69,"weapons":0.27,"drugs":0.09,"hate_symbols":0.4,"sensitive_doc":0.87},"decision":{"category":"sensitive_doc","severity":"high","action":"block","is_flagged":true},"timestamp":"2025-12-29T08:48:51+01:00"}
{"file":"image.jpg","scores":{"sexual_content":0.42,"violence":0.18,"weapons":0.02,"drugs":0.11,"hate_symbols":0.19,"sensitive_doc":0.15},"decision":{"is_flagged":false,"action":"allow"},"timestamp":"2025-12-29T09:07:17+01:00"}
{"file":"image.jpg","scores":{"sexual_content":0.84,"violence":0.19,"weapons":0.19,"drugs":0.18,"hate_symbols":0.01,"sensitive_doc":0.75},"decision":{"category":"sensitive_doc","severity":"high","action":"block","is_flagged":true},"timestamp":"2025-12-29T09:20:24+01:00"}
{"file":"image.jpg","scores":{"sexual_content":0.77,"violence":0.87,"weapons":0.46,"drugs":0.95,"hate_symbols":0.43,"sensitive_doc":0.77},"decision":{"category":"sensitive_doc","severity":"high","action":"block","is_flagged":true},"timestamp":"2025-12-31T02:33:40+01:00"}
{"file":"image.jpg","scores":{"sexual_content":0.94,"violence":0.22,"weapons":0.19,"drugs":0.72,"hate_symbols":0.17,"sensitive_doc":0.88},"decision":{"category":"sensitive_doc","severity":"high","action":"block","is_flagged":true},"timestamp":"2025-12-31T02:39:07+01:00"}
{"file":"image.jpg","scores":{"sexual_content":0.73,"violence":0.91,"weapons":0.15,"drugs":0.9,"hate_symbols":0.11,"sensitive_doc":0.65},"decision":{"category":"sensitive_doc","severity":"high","action":"block","is_flagged":true},"timestamp":"2025-12-31T03:47:40+01:00"}
{"file":"image.jpg","scores":{"sexual_content":0.5,"violence":0.06,"weapons":0.21,"drugs":0.04,"hate_symbols":0.25,"sensitive_doc":0.39},"decision":{"category":"sensitive_doc","severity":"high","action":"block","is_flagged":true},"timestamp":"2025-12-31T04:30:07+01:00"}
{"file":"image.jpg","scores":{"sexual_content":0.18,"violence":0.68,"weapons":0.08,"drugs":0.37,"hate_symbols":0.7,"sensitive_doc":0.31},"decision":{"category":"sensitive_doc","severity":"high","action":"block","is_flagged":true},"timestamp":"2025-12-31T05:06:33+01:00"}
{"file":"image.jpg","scores":{"sexual_content":0.85,"violence":0.49,"weapons":0.8,"drugs":0.67,"hate_symbols":0.27,"sensitive_doc":0.77},"decision":{"category":"sensitive_doc","severity":"high","action":"block","is_flagged":true},"timestamp":"2025-12-31T05:24:54+01:00"}
{"file":"image.jpg","scores":{"sexual_content":0.95,"violence":0.14,"weapons":0.3,"drugs":0.17,"hate_symbols":0.39,"sensitive_doc":0.58},"decision":{"category":"sensitive_doc","severity":"high","action":"block","is_flagged":true},"timestamp":"2025-12-31T08:35:14+01:00"}
{"file":"image.jpg","scores":{"sexual_content":0.61,"violence":0.51,"weapons":0.29,"drugs":0.21,"hate_symbols":0.68,"sensitive_doc":0.73},"decision":{"category":"sensitive_doc","severity":"high","action":"block","is_flagged":true},"timestamp":"2026-01-01T05:19:09+01:00"}
{"file":"image.jpg","scores":{"sexual_content":0.92,"violence":0.3,"weapons":0.68,"drugs":0.87,"hate_symbols":0.57,"sensitive_doc":0.36},"decision":{"category":"sensitive_doc","severity":"high","action":"block","is_flagged":true},"timestamp":"2026-01-01T05:47:52+01:00"}
{"file":"image.jpg","scores":{"sexual_content":0.05,"violence":0.71,"weapons":0.14,"drugs":0.45,"hate_symbols":0.98,"sensitive_doc":0.8},"decision":{"category":"sensitive_doc","severity":"high","action":"block","is_flagged":true},"timestamp":"2026-01-03T13:39:03+01:00"}
{"file":"image.jpg","scores":{"sexual_content":0.36,"violence":0.67,"weapons":0.1,"drugs":0.82,"hate_symbols":0.74,"sensitive_doc":0.88},"decision":{"category":"sensitive_doc","severity":"high","action":"block","is_flagged":true},"timestamp":"2026-01-03T13:39:30+01:00"}
{"file":"image.jpg","scores":{"sexual_content":0.35,"violence":0.14,"weapons":1,"drugs":0.9,"hate_symbols":0.46,"sensitive_doc":0.21},"decision":{"category":"sensitive_doc","severity":"high","action":"block","is_flagged":true},"timestamp":"2026-01-03T13:55:32+01:00"}
{"file":"image.jpg","scores":{"sexual_content":0.12,"violence":0.89,"weapons":0.98,"drugs":0.05,"hate_symbols":0.38,"sensitive_doc":0.54},"decision":{"category":"sensitive_doc","severity":"high","action":"block","is_flagged":true},"timestamp":"2026-01-03T14:21:29+01:00"}
{"file":"image.jpg","scores":{"sexual_content":0.13,"violence":0.08,"weapons":0.96,"drugs":0.86,"hate_symbols":0.61,"sensitive_doc":0.57},"decision":{"category":"sensitive_doc","severity":"high","action":"block","is_flagged":true},"timestamp":"2026-01-03T14:37:40+01:00"}
{"file":"image.jpg","scores":{"sexual_content":0.92,"violence":0.14,"weapons":0.01,"drugs":0.57,"hate_symbols":0.87,"sensitive_doc":0.31},"decision":{"category":"sensitive_doc","severity":"high","action":"block","is_flagged":true},"timestamp":"2026-01-04T02:35:14+01:00"}
{"file":"image.jpg","scores":{"sexual_content":0.79,"violence":0.8,"weapons":0.89,"drugs":0.46,"hate_symbols":0.9,"sensitive_doc":0.07},"decision":{"category":"sexual_content","severity":"high","action":"block","is_flagged":true},"timestamp":"2026-01-04T03:08:43+01:00"}
{"file":"image.jpg","scores":{"sexual_content":0.53,"violence":0.14,"weapons":0.4,"drugs":0.09,"hate_symbols":0.04,"sensitive_doc":0.09},"decision":{"category":"sexual_content","severity":"high","action":"block","is_flagged":true},"timestamp":"2026-01-04T08:01:18+01:00"}
{"file":"image.jpg","scores":{"sexual_content":0.01,"violence":0.01,"weapons":0.01,"drugs":0.01,"hate_symbols":0.01,"sensitive_doc":0.01},"decision":{"is_flagged":false,"action":"allow"},"timestamp":"2026-01-04T08:41:46+01:00"}
{"file":"image.jpg","scores":{"sexual_content":0.01,"violence":0.01,"weapons":0.01,"drugs":0.01,"hate_symbols":0.01,"sensitive_doc":0.01},"decision":{"is_flagged":false,"action":"allow"},"timestamp":"2026-01-04T08:47:12+01:00"}
{"file":"image.jpg","scores":{"sexual_content":0.01,"violence":0.01,"weapons":0.01,"drugs":0.01,"hate_symbols":0.01,"sensitive_doc":0.01},"decision":{"is_flagged":false,"action":"allow"},"timestamp":"2026-01-04T08:50:18+01:00"}
{"file":"image.jpg","scores":{"sexual_content":0.01,"violence":0.01,"weapons":0.01,"drugs":0.01,"hate_symbols":0.01,"sensitive_doc":0.01},"decision":{"is_flagged":false,"action":"allow"},"timestamp":"2026-01-04T08:50:25+01:00"}
{"file":"image.jpg","scores":{"sexual_content":0.01,"violence":0.01,"weapons":0.01,"drugs":0.01,"hate_symbols":0.01,"sensitive_doc":0.01},"decision":{"is_flagged":false,"action":"allow"},"timestamp":"2026-01-04T08:51:21+01:00"}
{"file":"image.jpg","scores":{"sexual_content":0.01,"violence":0.01,"weapons":0.01,"drugs":0.01,"hate_symbols":0.01,"sensitive_doc":0.01},"decision":{"is_flagged":false,"action":"allow"},"timestamp":"2026-01-04T08:55:19+01:00"}
{"file":"image.jpg","scores":{"sexual_content":0.01,"violence":0.01,"weapons":0.01,"drugs":0.01,"hate_symbols":0.01,"sensitive_doc":0.01},"decision":{"is_flagged":false,"action":"allow"},"timestamp":"2026-01-04T09:19:29+01:00"}
{"file":"image.jpg","scores":{"sexual_content":0.01,"violence":0.01,"weapons":0.01,"drugs":0.01,"hate_symbols":0.01,"sensitive_doc":0.01},"decision":{"is_flagged":false,"action":"allow"},"timestamp":"2026-01-04T14:18:03+01:00"}
{"file":"image.jpg","scores":{"sexual_content":0.01,"violence":0.01,"weapons":0.01,"drugs":0.01,"hate_symbols":0.01,"sensitive_doc":0.01},"decision":{"is_flagged":false,"action":"allow"},"timestamp":"2026-01-04T14:22:35+01:00"}
{"file":"image.jpg","scores":{"sexual_content":0.01,"violence":0.01,"weapons":0.01,"drugs":0.01,"hate_symbols":0.01,"sensitive_doc":0.01},"decision":{"is_flagged":false,"action":"allow"},"timestamp":"2026-01-04T14:38:36+01:00"}
{"file":"image.jpg","scores":{"sexual_content":0.01,"violence":0.01,"weapons":0.01,"drugs":0.01,"hate_symbols":0.01,"sensitive_doc":0.01},"decision":{"is_flagged":false,"action":"allow"},"timestamp":"2026-01-06T04:29:52+01:00"}
{"file":"image.jpg","scores":{"sexual_content":0.01,"violence":0.01,"weapons":0.01,"drugs":0.01,"hate_symbols":0.01,"sensitive_doc":0.01},"decision":{"is_flagged":false,"action":"allow"},"timestamp":"2026-01-06T04:58:32+01:00"}
{"file":"image.jpg","scores":{"sexual_content":0.01,"violence":0.01,"weapons":0.01,"drugs":0.01,"hate_symbols":0.01,"sensitive_doc":0.01},"decision":{"is_flagged":false,"action":"allow"},"timestamp":"2026-01-06T08:28:26+01:00"}
{"file":"image.jpg","scores":{"sexual_content":0.01,"violence":0.01,"weapons":0.01,"drugs":0.01,"hate_symbols":0.01,"sensitive_doc":0.01},"decision":{"is_flagged":false,"action":"allow"},"timestamp":"2026-01-06T08:44:33+01:00"}
{"file":"image.jpg","scores":{"sexual_content":0.01,"violence":0.01,"weapons":0.01,"drugs":0.01,"hate_symbols":0.01,"sensitive_doc":0.01},"decision":{"is_flagged":false,"action":"allow"},"timestamp":"2026-01-06T08:50:42+01:00"}
{"file":"image.jpg","scores":{"sexual_content":0.01,"violence":0.01,"weapons":0.01,"drugs":0.01,"hate_symbols":0.01,"sensitive_doc":0.01},"decision":{"is_flagged":false,"action":"allow"},"timestamp":"2026-01-06T08:54:51+01:00"}
{"file":"image.jpg","scores":{"sexual_content":0.01,"violence":0.01,"weapons":0.01,"drugs":0.01,"hate_symbols":0.01,"sensitive_doc":0.01},"decision":{"is_flagged":false,"action":"allow"},"timestamp":"2026-01-06T09:00:40+01:00"}
{"file":"image.jpg","scores":{"sexual_content":0.01,"violence":0.01,"weapons":0.01,"drugs":0.01,"hate_symbols":0.01,"sensitive_doc":0.01},"decision":{"is_flagged":false,"action":"allow"},"timestamp":"2026-01-06T09:11:27+01:00"}
{"file":"image.jpg","scores":{"sexual_content":0.01,"violence":0.01,"weapons":0.01,"drugs":0.01,"hate_symbols":0.01,"sensitive_doc":0.01},"decision":{"is_flagged":false,"action":"allow"},"timestamp":"2026-01-06T09:19:22+01:00"}
{"file":"image.jpg","scores":{"sexual_content":0.01,"violence":0.01,"weapons":0.01,"drugs":0.01,"hate_symbols":0.01,"sensitive_doc":0.01},"decision":{"is_flagged":false,"action":"allow"},"timestamp":"2026-01-06T09:19:59+01:00"}
{"file":"image.jpg","scores":{"sexual_content":0.01,"violence":0.01,"weapons":0.01,"drugs":0.01,"hate_symbols":0.01,"sensitive_doc":0.01},"decision":{"is_flagged":false,"action":"allow"},"timestamp":"2026-01-06T13:27:42+01:00"}
{"file":"image.jpg","scores":{"sexual_content":0.01,"violence":0.01,"weapons":0.01,"drugs":0.01,"hate_symbols":0.01,"sensitive_doc":0.01},"decision":{"is_flagged":false,"action":"allow"},"timestamp":"2026-01-06T14:51:51+01:00"}
{"file":"image.jpg","scores":{"sexual_content":0.01,"violence":0.01,"weapons":0.01,"drugs":0.01,"hate_symbols":0.01,"sensitive_doc":0.01},"decision":{"is_flagged":false,"action":"allow"},"timestamp":"2026-01-07T02:18:28+01:00"}
{"file":"image.jpg","scores":{"sexual_content":0.01,"violence":0.01,"weapons":0.01,"drugs":0.01,"hate_symbols":0.01,"sensitive_doc":0.01},"decision":{"is_flagged":false,"action":"allow"},"timestamp":"2026-01-07T04:28:54+01:00"}
{"file":"image.jpg","scores":{"sexual_content":0.01,"violence":0.01,"weapons":0.01,"drugs":0.01,"hate_symbols":0.01,"sensitive_doc":0.01},"decision":{"is_flagged":false,"action":"allow"},"timestamp":"2026-01-07T09:37:52+01:00"}
{"file":"image.jpg","scores":{"sexual_content":0.01,"violence":0.01,"weapons":0.01,"drugs":0.01,"hate_symbols":0.01,"sensitive_doc":0.01},"decision":{"is_flagged":false,"action":"allow"},"timestamp":"2026-01-07T14:18:27+01:00"}
{"file":"image.jpg","scores":{"sexual_content":0.01,"violence":0.01,"weapons":0.01,"drugs":0.01,"hate_symbols":0.01,"sensitive_doc":0.01},"decision":{"is_flagged":false,"action":"allow"},"timestamp":"2026-01-07T14:19:18+01:00"}
{"file":"image.jpg","scores":{"sexual_content":0.01,"violence":0.01,"weapons":0.01,"drugs":0.01,"hate_symbols":0.01,"sensitive_doc":0.01},"decision":{"is_flagged":false,"action":"allow"},"timestamp":"2026-01-07T14:45:33+01:00"}
{"file":"image.jpg","scores":{"sexual_content":0.01,"violence":0.01,"weapons":0.01,"drugs":0.01,"hate_symbols":0.01,"sensitive_doc":0.01},"decision":{"is_flagged":false,"action":"allow"},"timestamp":"2026-01-07T15:00:50+01:00"}
{"file":"image.jpg","scores":{"sexual_content":0.01,"violence":0.01,"weapons":0.01,"drugs":0.01,"hate_symbols":0.01,"sensitive_doc":0.01},"decision":{"is_flagged":false,"action":"allow"},"timestamp":"2026-01-07T16:10:56+01:00"}
{"file":"image.jpg","scores":{"sexual_content":0.01,"violence":0.01,"weapons":0.01,"drugs":0.01,"hate_symbols":0.01,"sensitive_doc":0.01},"decision":{"is_flagged":false,"action":"allow"},"timestamp":"2026-01-08T02:27:52+01:00"}
{"file":"image.jpg","scores":{"sexual_content":0.01,"violence":0.01,"weapons":0.01,"drugs":0.01,"hate_symbols":0.01,"sensitive_doc":0.01},"decision":{"is_flagged":false,"action":"allow"},"timestamp":"2026-01-08T02:40:37+01:00"}
{"file":"image.jpg","scores":{"sexual_content":0.01,"violence":0.01,"weapons":0.01,"drugs":0.01,"hate_symbols":0.01,"sensitive_doc":0.01},"decision":{"is_flagged":false,"action":"allow"},"timestamp":"2026-01-12T04:45:48+01:00"}
{"file":"image.jpg","scores":{"sexual_content":0.01,"violence":0.01,"weapons":0.01,"drugs":0.01,"hate_symbols":0.01,"sensitive_doc":0.01},"decision":{"is_flagged":false,"action":"allow"},"timestamp":"2026-01-12T04:47:20+01:00"}
{"file":"image.jpg","scores":{"sexual_content":0.01,"violence":0.01,"weapons":0.01,"drugs":0.01,"hate_symbols":0.01,"sensitive_doc":0.01},"decision":{"is_flagged":false,"action":"allow"},"timestamp":"2026-01-12T04:48:05+01:00"}
{"file":"image.jpg","scores":{"sexual_content":0.01,"violence":0.01,"weapons":0.01,"drugs":0.01,"hate_symbols":0.01,"sensitive_doc":0.01},"decision":{"is_flagged":false,"action":"allow"},"timestamp":"2026-01-12T04:48:36+01:00"}
{"file":"image.jpg","scores":{"sexual_content":0.01,"violence":0.01,"weapons":0.01,"drugs":0.01,"hate_symbols":0.01,"sensitive_doc":0.01},"decision":{"is_flagged":false,"action":"allow"},"timestamp":"2026-01-12T04:48:55+01:00"}
{"file":"image.jpg","scores":{"sexual_content":0.01,"violence":0.01,"weapons":0.01,"drugs":0.01,"hate_symbols":0.01,"sensitive_doc":0.01},"decision":{"is_flagged":false,"action":"allow"},"timestamp":"2026-01-12T04:49:09+01:00"}
{"file":"image.jpg","scores":{"sexual_content":0.01,"violence":0.01,"weapons":0.01,"drugs":0.01,"hate_symbols":0.01,"sensitive_doc":0.01},"decision":{"is_flagged":false,"action":"allow"},"timestamp":"2026-01-12T04:49:11+01:00"}
{"file":"image.jpg","scores":{"sexual_content":0.01,"violence":0.01,"weapons":0.01,"drugs":0.01,"hate_symbols":0.01,"sensitive_doc":0.01},"decision":{"is_flagged":false,"action":"allow"},"timestamp":"2026-01-12T04:50:07+01:00"}
{"file":"image.jpg","scores":{"sexual_content":0.01,"violence":0.01,"weapons":0.01,"drugs":0.01,"hate_symbols":0.01,"sensitive_doc":0.01},"decision":{"is_flagged":false,"action":"allow"},"timestamp":"2026-01-21T19:35:58+01:00"}
{"file":"image.jpg","scores":{"sexual_content":0.01,"violence":0.01,"weapons":0.01,"drugs":0.01,"hate_symbols":0.01,"sensitive_doc":0.01},"decision":{"is_flagged":false,"action":"allow"},"timestamp":"2026-01-21T19:36:48+01:00"}
{"file":"image.jpg","scores":{"sexual_content":0.01,"violence":0.01,"weapons":0.01,"drugs":0.01,"hate_symbols":0.01,"sensitive_doc":0.01},"decision":{"is_flagged":false,"action":"allow"},"timestamp":"2026-01-21T19:37:11+01:00"}
{"file":"image.jpg","scores":{"sexual_content":0.01,"violence":0.01,"weapons":0.01,"drugs":0.01,"hate_symbols":0.01,"sensitive_doc":0.01},"decision":{"is_flagged":false,"action":"allow"},"timestamp":"2026-01-21T19:37:25+01:00"}
{"file":"image.jpg","scores":{"sexual_content":0.01,"violence":0.01,"weapons":0.01,"drugs":0.01,"hate_symbols":0.01,"sensitive_doc":0.01},"decision":{"is_flagged":false,"action":"allow"},"timestamp":"2026-01-22T02:09:25+01:00"}
{"file":"image.jpg","scores":{"sexual_content":0.01,"violence":0.01,"weapons":0.01,"drugs":0.01,"hate_symbols":0.01,"sensitive_doc":0.01},"decision":{"is_flagged":false,"action":"allow"},"timestamp":"2026-01-22T02:09:47+01:00"}
{"file":"image.jpg","scores":{"sexual_content":0.01,"violence":0.01,"weapons":0.01,"drugs":0.01,"hate_symbols":0.01,"sensitive_doc":0.01},"decision":{"is_flagged":false,"action":"allow"},"timestamp":"2026-01-22T02:10:05+01:00"}
{"file":"image.jpg","scores":{"sexual_content":0.01,"violence":0.01,"weapons":0.01,"drugs":0.01,"hate_symbols":0.01,"sensitive_doc":0.01},"decision":{"is_flagged":false,"action":"allow"},"timestamp":"2026-01-22T02:52:13+01:00"}
{"file":"image.jpg","scores":{"sexual_content":0.01,"violence":0.01,"weapons":0.01,"drugs":0.01,"hate_symbols":0.01,"sensitive_doc":0.01},"decision":{"is_flagged":false,"action":"allow"},"timestamp":"2026-01-22T02:52:49+01:00"}
{"file":"image.jpg","scores":{"sexual_content":0.01,"violence":0.01,"weapons":0.01,"drugs":0.01,"hate_symbols":0.01,"sensitive_doc":0.01},"decision":{"is_flagged":false,"action":"allow"},"timestamp":"2026-01-25T07:33:54+01:00"}
{"file":"image.jpg","scores":{"sexual_content":0.01,"violence":0.01,"weapons":0.01,"drugs":0.01,"hate_symbols":0.01,"sensitive_doc":0.01},"decision":{"is_flagged":false,"action":"allow"},"timestamp":"2026-05-13T16:27:48+02:00"}
{"file":"image.jpg","scores":{"sexual_content":0.01,"violence":0.01,"weapons":0.01,"drugs":0.01,"hate_symbols":0.01,"sensitive_doc":0.01},"decision":{"is_flagged":false,"action":"allow"},"timestamp":"2026-05-13T16:34:13+02:00"}
